help
parm Tc5b.top
parm Tc5b.top
help
atoms
help
help
parm Tc5b.top
parminfo
ls
dihedralinfo 
dihedralinfo  > log
dihedralinfo  >& log
help
datafile
list
xmgrace 
ls
help
trajin md1_prod.Tc5b.x
reference Tc5b.nat.crd
ls
help
help
parmbox
bondinfo
help
dihedralinfo 
ls
help
distance :1@CA 2@CA
distance :1@CA :2@CA
distance d1 :1@CA :2@CA
rmsd
reference Tc5b.nat.crd
rmsd
rmsd reference
rms
ls
help
help angle
help grid
clear
clear
clear
help grid
help pdb
help modes
ls
help parmbox
help remdlog
resinfo
help stat
help natstruct
help nastruct 
exit
